<?xml version="1.0" encoding="UTF-8" ?>
<testsuite failures="0" time="0.068" errors="0" skipped="0" tests="16" name="com.dafiti.RunTest">
  <properties>
    <property name="java.runtime.name" value="OpenJDK Runtime Environment"/>
    <property name="sun.boot.library.path" value="/usr/lib/jvm/java-7-openjdk-amd64/jre/lib/amd64"/>
    <property name="java.vm.version" value="24.95-b01"/>
    <property name="user.country.format" value="BR"/>
    <property name="java.vm.vendor" value="Oracle Corporation"/>
    <property name="java.vendor.url" value="http://java.oracle.com/"/>
    <property name="path.separator" value=":"/>
    <property name="guice.disable.misplaced.annotation.check" value="true"/>
    <property name="java.vm.name" value="OpenJDK 64-Bit Server VM"/>
    <property name="file.encoding.pkg" value="sun.io"/>
    <property name="user.country" value="US"/>
    <property name="sun.java.launcher" value="SUN_STANDARD"/>
    <property name="sun.os.patch.level" value="unknown"/>
    <property name="java.vm.specification.name" value="Java Virtual Machine Specification"/>
    <property name="user.dir" value="/home/evelyn/Projetos/bdd-java-mktplace"/>
    <property name="java.runtime.version" value="1.7.0_95-b00"/>
    <property name="java.awt.graphicsenv" value="sun.awt.X11GraphicsEnvironment"/>
    <property name="java.endorsed.dirs" value="/usr/lib/jvm/java-7-openjdk-amd64/jre/lib/endorsed"/>
    <property name="os.arch" value="amd64"/>
    <property name="java.io.tmpdir" value="/tmp"/>
    <property name="line.separator" value="
"/>
    <property name="java.vm.specification.vendor" value="Oracle Corporation"/>
    <property name="os.name" value="Linux"/>
    <property name="classworlds.conf" value="/usr/share/maven3/bin/m2.conf"/>
    <property name="sun.jnu.encoding" value="UTF-8"/>
    <property name="java.library.path" value="/usr/java/packages/lib/amd64:/usr/lib/x86_64-linux-gnu/jni:/lib/x86_64-linux-gnu:/usr/lib/x86_64-linux-gnu:/usr/lib/jni:/lib:/usr/lib"/>
    <property name="java.specification.name" value="Java Platform API Specification"/>
    <property name="java.class.version" value="51.0"/>
    <property name="sun.management.compiler" value="HotSpot 64-Bit Tiered Compilers"/>
    <property name="os.version" value="4.2.0-35-generic"/>
    <property name="user.home" value="/home/evelyn"/>
    <property name="user.timezone" value="America/Sao_Paulo"/>
    <property name="java.awt.printerjob" value="sun.print.PSPrinterJob"/>
    <property name="file.encoding" value="UTF-8"/>
    <property name="java.specification.version" value="1.7"/>
    <property name="user.name" value="evelyn"/>
    <property name="java.class.path" value="/usr/share/maven3/boot/plexus-classworlds-2.5.1.jar"/>
    <property name="org.slf4j.simpleLogger.defaultLogLevel" value="info"/>
    <property name="java.vm.specification.version" value="1.7"/>
    <property name="sun.arch.data.model" value="64"/>
    <property name="java.home" value="/usr/lib/jvm/java-7-openjdk-amd64/jre"/>
    <property name="sun.java.command" value="org.codehaus.plexus.classworlds.launcher.Launcher test"/>
    <property name="java.specification.vendor" value="Oracle Corporation"/>
    <property name="user.language" value="en"/>
    <property name="user.language.format" value="pt"/>
    <property name="awt.toolkit" value="sun.awt.X11.XToolkit"/>
    <property name="java.vm.info" value="mixed mode"/>
    <property name="java.version" value="1.7.0_95"/>
    <property name="java.ext.dirs" value="/usr/lib/jvm/java-7-openjdk-amd64/jre/lib/ext:/usr/java/packages/lib/ext"/>
    <property name="securerandom.source" value="file:/dev/./urandom"/>
    <property name="sun.boot.class.path" value="/usr/lib/jvm/java-7-openjdk-amd64/jre/lib/resources.jar:/usr/lib/jvm/java-7-openjdk-amd64/jre/lib/rt.jar:/usr/lib/jvm/java-7-openjdk-amd64/jre/lib/sunrsasign.jar:/usr/lib/jvm/java-7-openjdk-amd64/jre/lib/jsse.jar:/usr/lib/jvm/java-7-openjdk-amd64/jre/lib/jce.jar:/usr/lib/jvm/java-7-openjdk-amd64/jre/lib/charsets.jar:/usr/lib/jvm/java-7-openjdk-amd64/jre/lib/rhino.jar:/usr/lib/jvm/java-7-openjdk-amd64/jre/lib/jfr.jar:/usr/lib/jvm/java-7-openjdk-amd64/jre/classes"/>
    <property name="java.vendor" value="Oracle Corporation"/>
    <property name="maven.home" value="/usr/share/maven3"/>
    <property name="file.separator" value="/"/>
    <property name="java.vendor.url.bug" value="http://bugreport.sun.com/bugreport/"/>
    <property name="sun.cpu.endian" value="little"/>
    <property name="sun.io.unicode.encoding" value="UnicodeLittle"/>
    <property name="sun.desktop" value="gnome"/>
    <property name="sun.cpu.isalist" value=""/>
  </properties>
  <testcase time="0.002" classname="Scenario: Product Creation" name="Given that i am at &quot;http://bob.aws.dafitierp.com.br/&quot; url"/>
  <testcase time="0" classname="Scenario: Product Creation" name="And i wait for &quot;Page&quot; page to load"/>
  <testcase time="0" classname="Scenario: Product Creation" name="When i fill field &quot;username&quot; with value &quot;admin&quot; in &quot;Bob - Login&quot; page"/>
  <testcase time="0" classname="Scenario: Product Creation" name="And i fill field &quot;password&quot; with value &quot;rock4me&quot; in &quot;Bob - Login&quot; page"/>
  <testcase time="0" classname="Scenario: Product Creation" name="And i click on button &quot;login&quot; in &quot;Bob - Login&quot; page"/>
  <testcase time="0" classname="Scenario: Product Creation" name="And i wait for &quot;Page&quot; page to load"/>
  <testcase time="0" classname="Scenario: Product Creation" name="And i will see &quot;Home&quot; page"/>
  <testcase time="0" classname="Scenario: Product Creation" name="And i mouseover on &quot;Catalog&quot; menu, click on &quot;Product import&quot; option in &quot;Bob Dafiti&quot; page"/>
  <testcase time="0" classname="Scenario: Product Creation" name="And i wait for &quot;Product import&quot; page to load"/>
  <testcase time="0" classname="Scenario: Product Creation" name="And i click on &quot;Attribute Set&quot; icon on &quot;Product import&quot; page"/>
  <testcase time="0" classname="Scenario: Product Creation" name="And i select &quot;Accessories&quot; option in &quot;Product import&quot; page"/>
  <testcase time="0" classname="Scenario: Product Creation" name="And i upload file &quot;product_0203.csv&quot; on &quot;/home/documents/&quot; path"/>
  <testcase time="0" classname="Scenario: Product Creation" name="And i click on button &quot;Upload file&quot; in &quot;Product import&quot; page"/>
  <testcase time="0" classname="Scenario: Product Creation" name="And i wait for &quot;Product import&quot; page to load"/>
  <testcase time="0" classname="Scenario: Product Creation" name="And i click on button &quot;OK&quot; in &quot;Product import&quot; page"/>
  <testcase time="0.066" classname="Scenario: Product Creation" name="Scenario: Product Creation"/>
</testsuite>